<?xml version="1.0" encoding="UTF-8"?>
<testsuite xmlns:xsi="http://www.w3.org/2001/XMLSchema-instance" xsi:noNamespaceSchemaLocation="https://maven.apache.org/surefire/maven-surefire-plugin/xsd/surefire-test-report-3.0.xsd" version="3.0" name="com.example.teste_tecnico.TesteTecnicoApplicationTests" time="4.609" tests="1" errors="0" skipped="0" failures="0">
  <properties>
[...]
</properties>
  <testcase name="contextLoads" classname="com.example.teste_tecnico.TesteTecnicoApplicationTests" time="0.422">
    <system-out><![CDATA[17:23:11.692 [main] INFO org.springframework.test.context.support.AnnotationConfigContextLoaderUtils -- Could not detect default configuration classes for test class [com.example.teste_tecnico.TesteTecnicoApplicationTests]: TesteTecnicoApplicationTests does not declare any static, non-private, non-final, nested classes annotated with @Configuration.
17:23:11.781 [main] INFO org.springframework.boot.test.context.SpringBootTestContextBootstrapper -- Found @SpringBootConfiguration com.example.teste_tecnico.TesteTecnicoApplication for test class com.example.teste_tecnico.TesteTecnicoApplicationTests

  .   ____          _            __ _ _
 /\\ / ___'_ __ _ _(_)_ __  __ _ \ \ \ \
( ( )\___ | '_ | '_| | '_ \/ _` | \ \ \ \
 \\/  ___)| |_)| | | | | || (_| |  ) ) ) )
  '  |____| .__|_| |_|_| |_\__, | / / / /
 =========|_|==============|___/=/_/_/_/

 :: Spring Boot ::                (v3.3.1)

2024-07-19T17:23:12.194-03:00  INFO 19504 --- [teste-tecnico] [           main] c.e.t.TesteTecnicoApplicationTests       : Starting TesteTecnicoApplicationTests using Java 21.0.3 with PID 19504 (started by rai_b in C:\Users\rai_b\Downloads\teste-tecnico\teste-tecnico)
2024-07-19T17:23:12.196-03:00  INFO 19504 --- [teste-tecnico] [           main] c.e.t.TesteTecnicoApplicationTests       : No active profile set, falling back to 1 default profile: "default"
2024-07-19T17:23:12.820-03:00  INFO 19504 --- [teste-tecnico] [           main] .s.d.r.c.RepositoryConfigurationDelegate : Bootstrapping Spring Data JPA repositories in DEFAULT mode.
2024-07-19T17:23:12.893-03:00  INFO 19504 --- [teste-tecnico] [           main] .s.d.r.c.RepositoryConfigurationDelegate : Finished Spring Data repository scanning in 62 ms. Found 2 JPA repository interfaces.
2024-07-19T17:23:13.296-03:00  INFO 19504 --- [teste-tecnico] [           main] com.zaxxer.hikari.HikariDataSource       : HikariPool-1 - Starting...
2024-07-19T17:23:13.494-03:00  INFO 19504 --- [teste-tecnico] [           main] com.zaxxer.hikari.pool.HikariPool        : HikariPool-1 - Added connection conn0: url=jdbc:h2:mem:73f55a91-493e-43fa-be11-d7c24c3d2b5b user=SA
2024-07-19T17:23:13.495-03:00  INFO 19504 --- [teste-tecnico] [           main] com.zaxxer.hikari.HikariDataSource       : HikariPool-1 - Start completed.
2024-07-19T17:23:13.543-03:00  INFO 19504 --- [teste-tecnico] [           main] o.hibernate.jpa.internal.util.LogHelper  : HHH000204: Processing PersistenceUnitInfo [name: default]
2024-07-19T17:23:13.617-03:00  INFO 19504 --- [teste-tecnico] [           main] org.hibernate.Version                    : HHH000412: Hibernate ORM core version 6.5.2.Final
2024-07-19T17:23:13.659-03:00  INFO 19504 --- [teste-tecnico] [           main] o.h.c.internal.RegionFactoryInitiator    : HHH000026: Second-level cache disabled
2024-07-19T17:23:14.020-03:00  INFO 19504 --- [teste-tecnico] [           main] o.s.o.j.p.SpringPersistenceUnitInfo      : No LoadTimeWeaver setup: ignoring JPA class transformer
2024-07-19T17:23:14.871-03:00  INFO 19504 --- [teste-tecnico] [           main] o.h.e.t.j.p.i.JtaPlatformInitiator       : HHH000489: No JTA platform available (set 'hibernate.transaction.jta.platform' to enable JTA platform integration)
2024-07-19T17:23:14.907-03:00  INFO 19504 --- [teste-tecnico] [           main] j.LocalContainerEntityManagerFactoryBean : Initialized JPA EntityManagerFactory for persistence unit 'default'
2024-07-19T17:23:15.364-03:00  WARN 19504 --- [teste-tecnico] [           main] JpaBaseConfiguration$JpaWebConfiguration : spring.jpa.open-in-view is enabled by default. Therefore, database queries may be performed during view rendering. Explicitly configure spring.jpa.open-in-view to disable this warning
2024-07-19T17:23:15.704-03:00  INFO 19504 --- [teste-tecnico] [           main] c.e.t.TesteTecnicoApplicationTests       : Started TesteTecnicoApplicationTests in 3.768 seconds (process running for 4.636)
]]></system-out>
    <system-err><![CDATA[WARNING: A Java agent has been loaded dynamically (C:\Users\rai_b\.m2\repository\net\bytebuddy\byte-buddy-agent\1.14.17\byte-buddy-agent-1.14.17.jar)
WARNING: If a serviceability tool is in use, please run with -XX:+EnableDynamicAgentLoading to hide this warning
WARNING: If a serviceability tool is not in use, please run with -Djdk.instrument.traceUsage for more information
WARNING: Dynamic loading of agents will be disallowed by default in a future release
]]></system-err>
  </testcase>
</testsuite>